Connecting to database specified by database.yml
Connecting to database specified by database.yml


Started GET "/assets/rails.png" for 10.0.2.2 at 2013-07-07 12:28:44 +0100
Served asset /rails.png - 200 OK (217ms)
Connecting to database specified by database.yml
Connecting to database specified by database.yml
Connecting to database specified by database.yml
Connecting to database specified by database.yml
Connecting to database specified by database.yml


Started GET "/static_pages/home" for 10.0.2.2 at 2013-07-07 12:45:45 +0100
Processing by StaticPagesController#home as HTML
  Rendered static_pages/home.html within layouts/application (9.4ms)
Compiled static_pages.css  (109ms)  (pid 16641)
Compiled application.css  (268ms)  (pid 16641)
Compiled jquery.js  (2ms)  (pid 16641)
Compiled jquery_ujs.js  (0ms)  (pid 16641)
Compiled static_pages.js  (605ms)  (pid 16641)
Compiled application.js  (1205ms)  (pid 16641)
Completed 200 OK in 2288ms (Views: 2287.8ms | ActiveRecord: 0.0ms)


Started GET "/assets/application.css?body=1" for 10.0.2.2 at 2013-07-07 12:45:48 +0100
Served asset /application.css - 200 OK (39ms)


Started GET "/assets/application.js?body=1" for 10.0.2.2 at 2013-07-07 12:45:48 +0100
Served asset /application.js - 200 OK (46ms)


Started GET "/assets/jquery_ujs.js?body=1" for 10.0.2.2 at 2013-07-07 12:45:48 +0100
Served asset /jquery_ujs.js - 200 OK (20ms)


Started GET "/assets/jquery.js?body=1" for 10.0.2.2 at 2013-07-07 12:45:48 +0100
Served asset /jquery.js - 200 OK (32ms)


Started GET "/assets/static_pages.css?body=1" for 10.0.2.2 at 2013-07-07 12:45:48 +0100
Served asset /static_pages.css - 200 OK (24ms)


Started GET "/assets/static_pages.js?body=1" for 10.0.2.2 at 2013-07-07 12:45:49 +0100
Served asset /static_pages.js - 200 OK (16ms)


Started GET "/static_pages/help" for 10.0.2.2 at 2013-07-07 12:45:55 +0100
Processing by StaticPagesController#help as HTML
  Rendered static_pages/help.html within layouts/application (1.1ms)
Completed 200 OK in 112ms (Views: 112.0ms | ActiveRecord: 0.0ms)


Started GET "/assets/jquery_ujs.js?body=1" for 10.0.2.2 at 2013-07-07 12:45:55 +0100
Served asset /jquery_ujs.js - 304 Not Modified (0ms)


Started GET "/assets/static_pages.js?body=1" for 10.0.2.2 at 2013-07-07 12:45:55 +0100
Served asset /static_pages.js - 304 Not Modified (8ms)


Started GET "/assets/application.css?body=1" for 10.0.2.2 at 2013-07-07 12:45:55 +0100
Served asset /application.css - 304 Not Modified (22ms)


Started GET "/assets/static_pages.css?body=1" for 10.0.2.2 at 2013-07-07 12:45:55 +0100
Served asset /static_pages.css - 304 Not Modified (8ms)


Started GET "/assets/jquery.js?body=1" for 10.0.2.2 at 2013-07-07 12:45:55 +0100
Served asset /jquery.js - 304 Not Modified (1ms)


Started GET "/assets/application.js?body=1" for 10.0.2.2 at 2013-07-07 12:45:55 +0100
Served asset /application.js - 304 Not Modified (27ms)
Connecting to database specified by database.yml
Connecting to database specified by database.yml


Started GET "/static_pages/about" for 10.0.2.2 at 2013-07-07 13:00:12 +0100
Processing by StaticPagesController#about as HTML
  Rendered static_pages/about.html within layouts/application (11.0ms)
Completed 200 OK in 249ms (Views: 248.5ms | ActiveRecord: 0.0ms)


Started GET "/assets/application.css?body=1" for 10.0.2.2 at 2013-07-07 13:00:12 +0100
Served asset /application.css - 304 Not Modified (36ms)


Started GET "/assets/static_pages.css?body=1" for 10.0.2.2 at 2013-07-07 13:00:12 +0100
Served asset /static_pages.css - 304 Not Modified (18ms)


Started GET "/assets/application.js?body=1" for 10.0.2.2 at 2013-07-07 13:00:12 +0100
Served asset /application.js - 304 Not Modified (40ms)


Started GET "/assets/jquery_ujs.js?body=1" for 10.0.2.2 at 2013-07-07 13:00:13 +0100
Served asset /jquery_ujs.js - 304 Not Modified (25ms)


Started GET "/assets/static_pages.js?body=1" for 10.0.2.2 at 2013-07-07 13:00:13 +0100
Served asset /static_pages.js - 304 Not Modified (15ms)


Started GET "/assets/jquery.js?body=1" for 10.0.2.2 at 2013-07-07 13:00:13 +0100
Served asset /jquery.js - 304 Not Modified (24ms)
Connecting to database specified by database.yml


Started GET "/static_pages/home" for 10.0.2.2 at 2013-07-07 13:18:15 +0100
Processing by StaticPagesController#home as HTML
  Rendered static_pages/home.html within layouts/application (9.5ms)
Completed 200 OK in 244ms (Views: 243.9ms | ActiveRecord: 0.0ms)


Started GET "/assets/application.css?body=1" for 10.0.2.2 at 2013-07-07 13:18:16 +0100
Served asset /application.css - 304 Not Modified (44ms)


Started GET "/assets/jquery.js?body=1" for 10.0.2.2 at 2013-07-07 13:18:16 +0100
Served asset /jquery.js - 304 Not Modified (39ms)


Started GET "/assets/static_pages.css?body=1" for 10.0.2.2 at 2013-07-07 13:18:16 +0100
Served asset /static_pages.css - 304 Not Modified (20ms)


Started GET "/assets/application.js?body=1" for 10.0.2.2 at 2013-07-07 13:18:16 +0100
Served asset /application.js - 304 Not Modified (58ms)


Started GET "/assets/jquery_ujs.js?body=1" for 10.0.2.2 at 2013-07-07 13:18:16 +0100
Served asset /jquery_ujs.js - 304 Not Modified (22ms)


Started GET "/assets/static_pages.js?body=1" for 10.0.2.2 at 2013-07-07 13:18:17 +0100
Served asset /static_pages.js - 304 Not Modified (17ms)


Started GET "/static_pages/about" for 10.0.2.2 at 2013-07-07 13:18:21 +0100
Processing by StaticPagesController#about as HTML
  Rendered static_pages/about.html within layouts/application (0.8ms)
Completed 200 OK in 145ms (Views: 144.8ms | ActiveRecord: 0.0ms)


Started GET "/assets/application.css?body=1" for 10.0.2.2 at 2013-07-07 13:18:21 +0100
Served asset /application.css - 304 Not Modified (23ms)


Started GET "/assets/static_pages.css?body=1" for 10.0.2.2 at 2013-07-07 13:18:21 +0100
Served asset /static_pages.css - 304 Not Modified (8ms)


Started GET "/assets/static_pages.js?body=1" for 10.0.2.2 at 2013-07-07 13:18:21 +0100
Served asset /static_pages.js - 304 Not Modified (8ms)


Started GET "/assets/jquery.js?body=1" for 10.0.2.2 at 2013-07-07 13:18:21 +0100
Served asset /jquery.js - 304 Not Modified (1ms)


Started GET "/assets/application.js?body=1" for 10.0.2.2 at 2013-07-07 13:18:21 +0100
Served asset /application.js - 304 Not Modified (26ms)


Started GET "/assets/jquery_ujs.js?body=1" for 10.0.2.2 at 2013-07-07 13:18:22 +0100
Served asset /jquery_ujs.js - 304 Not Modified (1ms)


Started GET "/static_pages/help" for 10.0.2.2 at 2013-07-07 13:18:25 +0100
Processing by StaticPagesController#help as HTML
  Rendered static_pages/help.html within layouts/application (0.5ms)
Completed 200 OK in 149ms (Views: 148.9ms | ActiveRecord: 0.0ms)


Started GET "/assets/application.css?body=1" for 10.0.2.2 at 2013-07-07 13:18:26 +0100
Served asset /application.css - 304 Not Modified (21ms)


Started GET "/assets/static_pages.css?body=1" for 10.0.2.2 at 2013-07-07 13:18:26 +0100
Served asset /static_pages.css - 304 Not Modified (8ms)


Started GET "/assets/jquery_ujs.js?body=1" for 10.0.2.2 at 2013-07-07 13:18:26 +0100
Served asset /jquery_ujs.js - 304 Not Modified (1ms)


Started GET "/assets/jquery.js?body=1" for 10.0.2.2 at 2013-07-07 13:18:26 +0100
Served asset /jquery.js - 304 Not Modified (1ms)


Started GET "/assets/application.js?body=1" for 10.0.2.2 at 2013-07-07 13:18:26 +0100
Served asset /application.js - 304 Not Modified (28ms)


Started GET "/assets/static_pages.js?body=1" for 10.0.2.2 at 2013-07-07 13:18:26 +0100
Served asset /static_pages.js - 304 Not Modified (8ms)
Connecting to database specified by database.yml
Connecting to database specified by database.yml
Connecting to database specified by database.yml
Connecting to database specified by database.yml
Connecting to database specified by database.yml
Connecting to database specified by database.yml


Started GET "/static_pages/about" for 10.0.2.2 at 2013-07-07 13:31:22 +0100
Processing by StaticPagesController#about as HTML
  Rendered static_pages/about.html within layouts/application (9.2ms)
Completed 200 OK in 242ms (Views: 241.7ms | ActiveRecord: 0.0ms)


Started GET "/assets/static_pages.css?body=1" for 10.0.2.2 at 2013-07-07 13:31:23 +0100
Served asset /static_pages.css - 304 Not Modified (23ms)


Started GET "/assets/application.css?body=1" for 10.0.2.2 at 2013-07-07 13:31:23 +0100
Served asset /application.css - 304 Not Modified (33ms)


Started GET "/assets/jquery.js?body=1" for 10.0.2.2 at 2013-07-07 13:31:23 +0100
Served asset /jquery.js - 304 Not Modified (26ms)


Started GET "/assets/static_pages.js?body=1" for 10.0.2.2 at 2013-07-07 13:31:23 +0100
Served asset /static_pages.js - 304 Not Modified (15ms)


Started GET "/assets/jquery_ujs.js?body=1" for 10.0.2.2 at 2013-07-07 13:31:23 +0100
Served asset /jquery_ujs.js - 304 Not Modified (27ms)


Started GET "/assets/application.js?body=1" for 10.0.2.2 at 2013-07-07 13:31:23 +0100
Served asset /application.js - 304 Not Modified (49ms)


Started GET "/static_pages/home" for 10.0.2.2 at 2013-07-07 13:31:44 +0100
Processing by StaticPagesController#home as HTML
  Rendered static_pages/home.html within layouts/application (0.8ms)
Completed 200 OK in 151ms (Views: 150.0ms | ActiveRecord: 0.0ms)


Started GET "/assets/application.css?body=1" for 10.0.2.2 at 2013-07-07 13:31:44 +0100
Served asset /application.css - 304 Not Modified (25ms)


Started GET "/assets/jquery_ujs.js?body=1" for 10.0.2.2 at 2013-07-07 13:31:44 +0100
Served asset /jquery_ujs.js - 304 Not Modified (0ms)


Started GET "/assets/application.js?body=1" for 10.0.2.2 at 2013-07-07 13:31:44 +0100
Served asset /application.js - 304 Not Modified (21ms)


Started GET "/assets/static_pages.css?body=1" for 10.0.2.2 at 2013-07-07 13:31:44 +0100
Served asset /static_pages.css - 304 Not Modified (8ms)


Started GET "/assets/static_pages.js?body=1" for 10.0.2.2 at 2013-07-07 13:31:45 +0100
Served asset /static_pages.js - 304 Not Modified (14ms)


Started GET "/assets/jquery.js?body=1" for 10.0.2.2 at 2013-07-07 13:31:45 +0100
Served asset /jquery.js - 304 Not Modified (0ms)


Started GET "/static_pages/contact" for 10.0.2.2 at 2013-07-07 13:32:16 +0100
Processing by StaticPagesController#contact as HTML
Completed 500 Internal Server Error in 63ms

ActionView::MissingTemplate (Missing template static_pages/contact, application/contact with {:locale=>[:en], :formats=>[:html], :handlers=>[:erb, :builder, :coffee]}. Searched in:
  * "/home/adrian/dsi/proyectos/practica4/sample_app/app/views"
):
  actionpack (3.2.13) lib/action_view/path_set.rb:58:in `find'
  actionpack (3.2.13) lib/action_view/lookup_context.rb:109:in `find'
  actionpack (3.2.13) lib/action_view/renderer/abstract_renderer.rb:3:in `find_template'
  actionpack (3.2.13) lib/action_view/renderer/template_renderer.rb:34:in `determine_template'
  actionpack (3.2.13) lib/action_view/renderer/template_renderer.rb:10:in `render'
  actionpack (3.2.13) lib/action_view/renderer/renderer.rb:36:in `render_template'
  actionpack (3.2.13) lib/action_view/renderer/renderer.rb:17:in `render'
  actionpack (3.2.13) lib/abstract_controller/rendering.rb:110:in `_render_template'
  actionpack (3.2.13) lib/action_controller/metal/streaming.rb:225:in `_render_template'
  actionpack (3.2.13) lib/abstract_controller/rendering.rb:103:in `render_to_body'
  actionpack (3.2.13) lib/action_controller/metal/renderers.rb:28:in `render_to_body'
  actionpack (3.2.13) lib/action_controller/metal/compatibility.rb:50:in `render_to_body'
  actionpack (3.2.13) lib/abstract_controller/rendering.rb:88:in `render'
  actionpack (3.2.13) lib/action_controller/metal/rendering.rb:16:in `render'
  actionpack (3.2.13) lib/action_controller/metal/instrumentation.rb:40:in `block (2 levels) in render'
  activesupport (3.2.13) lib/active_support/core_ext/benchmark.rb:5:in `block in ms'
  /home/adrian/.rvm/rubies/ruby-1.9.3-p385/lib/ruby/1.9.1/benchmark.rb:295:in `realtime'
  activesupport (3.2.13) lib/active_support/core_ext/benchmark.rb:5:in `ms'
  actionpack (3.2.13) lib/action_controller/metal/instrumentation.rb:40:in `block in render'
  actionpack (3.2.13) lib/action_controller/metal/instrumentation.rb:83:in `cleanup_view_runtime'
  activerecord (3.2.13) lib/active_record/railties/controller_runtime.rb:24:in `cleanup_view_runtime'
  actionpack (3.2.13) lib/action_controller/metal/instrumentation.rb:39:in `render'
  actionpack (3.2.13) lib/action_controller/metal/implicit_render.rb:10:in `default_render'
  actionpack (3.2.13) lib/action_controller/metal/implicit_render.rb:5:in `send_action'
  actionpack (3.2.13) lib/abstract_controller/base.rb:167:in `process_action'
  actionpack (3.2.13) lib/action_controller/metal/rendering.rb:10:in `process_action'
  actionpack (3.2.13) lib/abstract_controller/callbacks.rb:18:in `block in process_action'
  activesupport (3.2.13) lib/active_support/callbacks.rb:414:in `_run__544470805__process_action__633806887__callbacks'
  activesupport (3.2.13) lib/active_support/callbacks.rb:405:in `__run_callback'
  activesupport (3.2.13) lib/active_support/callbacks.rb:385:in `_run_process_action_callbacks'
  activesupport (3.2.13) lib/active_support/callbacks.rb:81:in `run_callbacks'
  actionpack (3.2.13) lib/abstract_controller/callbacks.rb:17:in `process_action'
  actionpack (3.2.13) lib/action_controller/metal/rescue.rb:29:in `process_action'
  actionpack (3.2.13) lib/action_controller/metal/instrumentation.rb:30:in `block in process_action'
  activesupport (3.2.13) lib/active_support/notifications.rb:123:in `block in instrument'
  activesupport (3.2.13) lib/active_support/notifications/instrumenter.rb:20:in `instrument'
  activesupport (3.2.13) lib/active_support/notifications.rb:123:in `instrument'
  actionpack (3.2.13) lib/action_controller/metal/instrumentation.rb:29:in `process_action'
  actionpack (3.2.13) lib/action_controller/metal/params_wrapper.rb:207:in `process_action'
  activerecord (3.2.13) lib/active_record/railties/controller_runtime.rb:18:in `process_action'
  actionpack (3.2.13) lib/abstract_controller/base.rb:121:in `process'
  actionpack (3.2.13) lib/abstract_controller/rendering.rb:45:in `process'
  actionpack (3.2.13) lib/action_controller/metal.rb:203:in `dispatch'
  actionpack (3.2.13) lib/action_controller/metal/rack_delegation.rb:14:in `dispatch'
  actionpack (3.2.13) lib/action_controller/metal.rb:246:in `block in action'
  actionpack (3.2.13) lib/action_dispatch/routing/route_set.rb:73:in `call'
  actionpack (3.2.13) lib/action_dispatch/routing/route_set.rb:73:in `dispatch'
  actionpack (3.2.13) lib/action_dispatch/routing/route_set.rb:36:in `call'
  journey (1.0.4) lib/journey/router.rb:68:in `block in call'
  journey (1.0.4) lib/journey/router.rb:56:in `each'
  journey (1.0.4) lib/journey/router.rb:56:in `call'
  actionpack (3.2.13) lib/action_dispatch/routing/route_set.rb:612:in `call'
  actionpack (3.2.13) lib/action_dispatch/middleware/best_standards_support.rb:17:in `call'
  rack (1.4.5) lib/rack/etag.rb:23:in `call'
  rack (1.4.5) lib/rack/conditionalget.rb:25:in `call'
  actionpack (3.2.13) lib/action_dispatch/middleware/head.rb:14:in `call'
  actionpack (3.2.13) lib/action_dispatch/middleware/params_parser.rb:21:in `call'
  actionpack (3.2.13) lib/action_dispatch/middleware/flash.rb:242:in `call'
  rack (1.4.5) lib/rack/session/abstract/id.rb:210:in `context'
  rack (1.4.5) lib/rack/session/abstract/id.rb:205:in `call'
  actionpack (3.2.13) lib/action_dispatch/middleware/cookies.rb:341:in `call'
  activerecord (3.2.13) lib/active_record/query_cache.rb:64:in `call'
  activerecord (3.2.13) lib/active_record/connection_adapters/abstract/connection_pool.rb:479:in `call'
  actionpack (3.2.13) lib/action_dispatch/middleware/callbacks.rb:28:in `block in call'
  activesupport (3.2.13) lib/active_support/callbacks.rb:405:in `_run__360484323__call__984453977__callbacks'
  activesupport (3.2.13) lib/active_support/callbacks.rb:405:in `__run_callback'
  activesupport (3.2.13) lib/active_support/callbacks.rb:385:in `_run_call_callbacks'
  activesupport (3.2.13) lib/active_support/callbacks.rb:81:in `run_callbacks'
  actionpack (3.2.13) lib/action_dispatch/middleware/callbacks.rb:27:in `call'
  actionpack (3.2.13) lib/action_dispatch/middleware/reloader.rb:65:in `call'
  actionpack (3.2.13) lib/action_dispatch/middleware/remote_ip.rb:31:in `call'
  actionpack (3.2.13) lib/action_dispatch/middleware/debug_exceptions.rb:16:in `call'
  actionpack (3.2.13) lib/action_dispatch/middleware/show_exceptions.rb:56:in `call'
  railties (3.2.13) lib/rails/rack/logger.rb:32:in `call_app'
  railties (3.2.13) lib/rails/rack/logger.rb:16:in `block in call'
  activesupport (3.2.13) lib/active_support/tagged_logging.rb:22:in `tagged'
  railties (3.2.13) lib/rails/rack/logger.rb:16:in `call'
  actionpack (3.2.13) lib/action_dispatch/middleware/request_id.rb:22:in `call'
  rack (1.4.5) lib/rack/methodoverride.rb:21:in `call'
  rack (1.4.5) lib/rack/runtime.rb:17:in `call'
  activesupport (3.2.13) lib/active_support/cache/strategy/local_cache.rb:72:in `call'
  rack (1.4.5) lib/rack/lock.rb:15:in `call'
  actionpack (3.2.13) lib/action_dispatch/middleware/static.rb:63:in `call'
  railties (3.2.13) lib/rails/engine.rb:479:in `call'
  railties (3.2.13) lib/rails/application.rb:223:in `call'
  rack (1.4.5) lib/rack/content_length.rb:14:in `call'
  railties (3.2.13) lib/rails/rack/log_tailer.rb:17:in `call'
  rack (1.4.5) lib/rack/handler/webrick.rb:59:in `service'
  /home/adrian/.rvm/rubies/ruby-1.9.3-p385/lib/ruby/1.9.1/webrick/httpserver.rb:138:in `service'
  /home/adrian/.rvm/rubies/ruby-1.9.3-p385/lib/ruby/1.9.1/webrick/httpserver.rb:94:in `run'
  /home/adrian/.rvm/rubies/ruby-1.9.3-p385/lib/ruby/1.9.1/webrick/server.rb:191:in `block in start_thread'


  Rendered /home/adrian/.rvm/gems/ruby-1.9.3-p385/gems/actionpack-3.2.13/lib/action_dispatch/middleware/templates/rescues/missing_template.erb within rescues/layout (0.5ms)


Started GET "/static_pages/contact" for 10.0.2.2 at 2013-07-07 13:32:46 +0100
Processing by StaticPagesController#contact as HTML
  Rendered static_pages/contact.html within layouts/application (0.5ms)
Completed 200 OK in 136ms (Views: 136.1ms | ActiveRecord: 0.0ms)


Started GET "/assets/application.css?body=1" for 10.0.2.2 at 2013-07-07 13:32:46 +0100
Served asset /application.css - 304 Not Modified (22ms)


Started GET "/assets/static_pages.css?body=1" for 10.0.2.2 at 2013-07-07 13:32:47 +0100
Served asset /static_pages.css - 304 Not Modified (8ms)


Started GET "/assets/jquery_ujs.js?body=1" for 10.0.2.2 at 2013-07-07 13:32:47 +0100
Served asset /jquery_ujs.js - 304 Not Modified (0ms)


Started GET "/assets/jquery.js?body=1" for 10.0.2.2 at 2013-07-07 13:32:47 +0100
Served asset /jquery.js - 304 Not Modified (1ms)


Started GET "/assets/application.js?body=1" for 10.0.2.2 at 2013-07-07 13:32:47 +0100
Served asset /application.js - 304 Not Modified (27ms)


Started GET "/assets/static_pages.js?body=1" for 10.0.2.2 at 2013-07-07 13:32:47 +0100
Served asset /static_pages.js - 304 Not Modified (8ms)
Connecting to database specified by database.yml
